mode: set
github.com/juanjerrah/go-project/internal/repository/user_repository.go:19.52,21.2 1 0
github.com/juanjerrah/go-project/internal/repository/user_repository.go:24.58,26.2 1 0
github.com/juanjerrah/go-project/internal/repository/user_repository.go:29.48,31.2 1 0
github.com/juanjerrah/go-project/internal/repository/user_repository.go:34.58,38.2 3 0
github.com/juanjerrah/go-project/internal/repository/user_repository.go:41.65,45.2 3 0
github.com/juanjerrah/go-project/internal/repository/user_repository.go:48.58,50.2 1 0
github.com/juanjerrah/go-project/internal/service/user_service.go:20.65,22.2 1 1
github.com/juanjerrah/go-project/internal/service/user_service.go:25.87,30.44 2 1
github.com/juanjerrah/go-project/internal/service/user_service.go:30.44,32.3 1 1
github.com/juanjerrah/go-project/internal/service/user_service.go:34.2,34.18 1 1
github.com/juanjerrah/go-project/internal/service/user_service.go:38.45,39.42 1 0
github.com/juanjerrah/go-project/internal/service/user_service.go:39.42,41.3 1 0
github.com/juanjerrah/go-project/internal/service/user_service.go:42.2,42.12 1 0
github.com/juanjerrah/go-project/internal/service/user_service.go:46.55,48.16 2 0
github.com/juanjerrah/go-project/internal/service/user_service.go:48.16,50.3 1 0
github.com/juanjerrah/go-project/internal/service/user_service.go:51.2,51.19 1 0
github.com/juanjerrah/go-project/internal/service/user_service.go:55.62,57.16 2 0
github.com/juanjerrah/go-project/internal/service/user_service.go:57.16,59.3 1 0
github.com/juanjerrah/go-project/internal/service/user_service.go:60.2,60.18 1 0
github.com/juanjerrah/go-project/internal/service/user_service.go:64.92,67.16 2 0
github.com/juanjerrah/go-project/internal/service/user_service.go:67.16,69.3 1 0
github.com/juanjerrah/go-project/internal/service/user_service.go:70.2,70.21 1 0
github.com/juanjerrah/go-project/internal/service/user_service.go:70.21,72.3 1 0
github.com/juanjerrah/go-project/internal/service/user_service.go:73.2,73.22 1 0
github.com/juanjerrah/go-project/internal/service/user_service.go:73.22,75.3 1 0
github.com/juanjerrah/go-project/internal/service/user_service.go:77.2,77.44 1 0
github.com/juanjerrah/go-project/internal/service/user_service.go:77.44,79.3 1 0
github.com/juanjerrah/go-project/internal/service/user_service.go:81.2,81.18 1 0
